[2014-04-07 22:41:57] myapp.INFO: Matched route "GET_" (parameters: "_controller": "App\Controllers\Hello::indexAction", "_route": "GET_") [] []
[2014-04-07 22:41:57] myapp.INFO: > GET / [] []
[2014-04-07 22:41:57] myapp.DEBUG: Hello world! [] []
[2014-04-07 22:41:57] myapp.ERROR: Template "hello/hello.twig" is not defined (). [] []
[2014-04-07 22:41:57] myapp.CRITICAL: LogicException: The controller must return a response (null given). Did you forget to add a return statement somewhere in your controller? (uncaught exception) at C:\xampp\htdocs\silex-skeleton\vendor\symfony\http-kernel\Symfony\Component\HttpKernel\HttpKernel.php line 144 {"exception":"[object] (LogicException: The controller must return a response (null given). Did you forget to add a return statement somewhere in your controller? at C:\\xampp\\htdocs\\silex-skeleton\\vendor\\symfony\\http-kernel\\Symfony\\Component\\HttpKernel\\HttpKernel.php:144)"} []
[2014-04-07 22:41:57] myapp.INFO: < 500 [] []
[2014-04-07 22:41:57] myapp.ERROR: Symfony\Component\HttpKernel\Exception\NotFoundHttpException: No route found for "GET /favicon.ico" (uncaught exception) at C:\xampp\htdocs\silex-skeleton\vendor\symfony\http-kernel\Symfony\Component\HttpKernel\EventListener\RouterListener.php line 144 {"exception":"[object] (Symfony\\Component\\HttpKernel\\Exception\\NotFoundHttpException: No route found for \"GET /favicon.ico\" at C:\\xampp\\htdocs\\silex-skeleton\\vendor\\symfony\\http-kernel\\Symfony\\Component\\HttpKernel\\EventListener\\RouterListener.php:144, Symfony\\Component\\Routing\\Exception\\ResourceNotFoundException:  at C:\\xampp\\htdocs\\silex-skeleton\\vendor\\symfony\\routing\\Symfony\\Component\\Routing\\Matcher\\UrlMatcher.php:96)"} []
[2014-04-07 22:41:57] myapp.INFO: < 404 [] []
[2014-04-07 22:42:22] myapp.INFO: Matched route "GET_" (parameters: "_controller": "App\Controllers\Hello::indexAction", "_route": "GET_") [] []
[2014-04-07 22:42:22] myapp.INFO: > GET / [] []
[2014-04-07 22:42:22] myapp.DEBUG: Hello world! [] []
[2014-04-07 22:42:22] myapp.ERROR: Template "hello/hello.twig" is not defined (). [] []
[2014-04-07 22:42:22] myapp.CRITICAL: LogicException: The controller must return a response (null given). Did you forget to add a return statement somewhere in your controller? (uncaught exception) at C:\xampp\htdocs\silex-skeleton\vendor\symfony\http-kernel\Symfony\Component\HttpKernel\HttpKernel.php line 144 {"exception":"[object] (LogicException: The controller must return a response (null given). Did you forget to add a return statement somewhere in your controller? at C:\\xampp\\htdocs\\silex-skeleton\\vendor\\symfony\\http-kernel\\Symfony\\Component\\HttpKernel\\HttpKernel.php:144)"} []
[2014-04-07 22:42:22] myapp.INFO: < 500 [] []
[2014-04-07 22:42:28] myapp.INFO: Matched route "GET_" (parameters: "_controller": "App\Controllers\Hello::indexAction", "_route": "GET_") [] []
[2014-04-07 22:42:28] myapp.INFO: > GET / [] []
[2014-04-07 22:42:28] myapp.DEBUG: Hello world! [] []
[2014-04-07 22:42:28] myapp.ERROR: Template "hello/hello.twig" is not defined (). [] []
[2014-04-07 22:42:28] myapp.CRITICAL: LogicException: The controller must return a response (null given). Did you forget to add a return statement somewhere in your controller? (uncaught exception) at C:\xampp\htdocs\silex-skeleton\vendor\symfony\http-kernel\Symfony\Component\HttpKernel\HttpKernel.php line 144 {"exception":"[object] (LogicException: The controller must return a response (null given). Did you forget to add a return statement somewhere in your controller? at C:\\xampp\\htdocs\\silex-skeleton\\vendor\\symfony\\http-kernel\\Symfony\\Component\\HttpKernel\\HttpKernel.php:144)"} []
[2014-04-07 22:42:28] myapp.INFO: < 500 [] []
[2014-04-07 22:42:55] myapp.INFO: Matched route "GET_" (parameters: "_controller": "App\Controllers\Hello::indexAction", "_route": "GET_") [] []
[2014-04-07 22:42:55] myapp.INFO: > GET / [] []
[2014-04-07 22:42:55] myapp.DEBUG: Hello world! [] []
[2014-04-07 22:42:55] myapp.INFO: < 200 [] []
[2014-04-07 22:43:21] myapp.INFO: Matched route "GET__locale_hello_name" (parameters: "_controller": "{}", "_locale": "de", "name": "sebastian", "_route": "GET__locale_hello_name") [] []
[2014-04-07 22:43:21] myapp.INFO: > GET /de/hello/sebastian [] []
[2014-04-07 22:43:21] myapp.CRITICAL: Twig_Error_Loader: Template "hello.twig" is not defined (). (uncaught exception) at C:\xampp\htdocs\silex-skeleton\vendor\twig\twig\lib\Twig\Loader\Chain.php line 115 {"exception":"[object] (Twig_Error_Loader: Template \"hello.twig\" is not defined (). at C:\\xampp\\htdocs\\silex-skeleton\\vendor\\twig\\twig\\lib\\Twig\\Loader\\Chain.php:115)"} []
[2014-04-07 22:43:21] myapp.INFO: < 500 [] []
[2014-04-07 22:43:42] myapp.INFO: Matched route "GET__locale_hello_name" (parameters: "_controller": "App\Controllers\Hello::indexAction", "_locale": "de", "name": "sebastian", "_route": "GET__locale_hello_name") [] []
[2014-04-07 22:43:42] myapp.INFO: > GET /de/hello/sebastian [] []
[2014-04-07 22:43:42] myapp.DEBUG: Hello world! [] []
[2014-04-07 22:43:42] myapp.INFO: < 200 [] []
[2014-04-07 22:43:47] myapp.INFO: Matched route "GET__locale_hello_name" (parameters: "_controller": "App\Controllers\Hello::indexAction", "_locale": "fr", "name": "sebastian", "_route": "GET__locale_hello_name") [] []
[2014-04-07 22:43:47] myapp.INFO: > GET /fr/hello/sebastian [] []
[2014-04-07 22:43:47] myapp.DEBUG: Hello world! [] []
[2014-04-07 22:43:47] myapp.INFO: < 200 [] []
